0 info it worked if it ends with ok
1 verbose cli [ '/usr/local/bin/node', '/usr/local/bin/npm', 'publish' ]
2 info using npm@1.1.59
3 info using node@v0.8.8
4 verbose publish [ '.' ]
5 verbose read json /home/twobirds/package.json
6 verbose cache add [ '.', null ]
7 silly cache add name=undefined spec="." args=[".",null]
8 verbose parsed url { pathname: '.', path: '.', href: '.' }
9 silly lockFile 3a52ce78- .
10 verbose lock . /root/.npm/3a52ce78-.lock
11 verbose read json package.json
12 verbose tar pack [ '/root/tmp/npm-8120/1349780444505-0.6253449802752584/tmp.tgz',
12 verbose tar pack   '.' ]
13 verbose tarball /root/tmp/npm-8120/1349780444505-0.6253449802752584/tmp.tgz
14 verbose folder .
15 info prepublish twobirds@0.0.3
16 silly lockFile 0096400e-44505-0-6253449802752584-tmp-tgz /root/tmp/npm-8120/1349780444505-0.6253449802752584/tmp.tgz
17 verbose lock /root/tmp/npm-8120/1349780444505-0.6253449802752584/tmp.tgz /root/.npm/0096400e-44505-0-6253449802752584-tmp-tgz.lock
18 silly lockFile 0096400e-44505-0-6253449802752584-tmp-tgz /root/tmp/npm-8120/1349780444505-0.6253449802752584/tmp.tgz
19 verbose tar unpack /root/tmp/npm-8120/1349780444505-0.6253449802752584/tmp.tgz
20 silly lockFile fcb0457b-44505-0-6253449802752584-package /root/tmp/npm-8120/1349780444505-0.6253449802752584/package
21 verbose lock /root/tmp/npm-8120/1349780444505-0.6253449802752584/package /root/.npm/fcb0457b-44505-0-6253449802752584-package.lock
22 silly gunzTarPerm modes [ '777', '666' ]
23 silly gunzTarPerm extractEntry package.json
24 silly gunzTarPerm modified mode [ 'package.json', 420, 438 ]
25 silly gunzTarPerm extractEntry .npmignore
26 silly gunzTarPerm modified mode [ '.npmignore', 420, 438 ]
27 silly gunzTarPerm extractEntry README.md
28 silly gunzTarPerm modified mode [ 'README.md', 420, 438 ]
29 silly gunzTarPerm extractEntry index.js
30 silly gunzTarPerm modified mode [ 'index.js', 420, 438 ]
31 silly gunzTarPerm extractEntry lib/twobirds.server.js
32 silly gunzTarPerm modified mode [ 'lib/twobirds.server.js', 420, 438 ]
33 silly gunzTarPerm extractEntry publish.sh
34 silly gunzTarPerm modified mode [ 'publish.sh', 420, 438 ]
35 silly gunzTarPerm extractEntry gitpwd.txt
36 silly gunzTarPerm modified mode [ 'gitpwd.txt', 420, 438 ]
37 verbose read json /root/tmp/npm-8120/1349780444505-0.6253449802752584/package/package.json
38 silly lockFile fcb0457b-44505-0-6253449802752584-package /root/tmp/npm-8120/1349780444505-0.6253449802752584/package
39 verbose from cache /root/tmp/npm-8120/1349780444505-0.6253449802752584/package/package.json
40 verbose tar pack [ '/root/.npm/twobirds/0.0.3/package.tgz',
40 verbose tar pack   '/root/tmp/npm-8120/1349780444505-0.6253449802752584/package' ]
41 verbose tarball /root/.npm/twobirds/0.0.3/package.tgz
42 verbose folder /root/tmp/npm-8120/1349780444505-0.6253449802752584/package
43 silly lockFile 748ffbb3-t-npm-twobirds-0-0-3-package-tgz /root/.npm/twobirds/0.0.3/package.tgz
44 verbose lock /root/.npm/twobirds/0.0.3/package.tgz /root/.npm/748ffbb3-t-npm-twobirds-0-0-3-package-tgz.lock
45 silly lockFile 748ffbb3-t-npm-twobirds-0-0-3-package-tgz /root/.npm/twobirds/0.0.3/package.tgz
46 silly lockFile f56d4bf3-root-npm-twobirds-0-0-3-package /root/.npm/twobirds/0.0.3/package
47 verbose lock /root/.npm/twobirds/0.0.3/package /root/.npm/f56d4bf3-root-npm-twobirds-0-0-3-package.lock
48 silly lockFile f56d4bf3-root-npm-twobirds-0-0-3-package /root/.npm/twobirds/0.0.3/package
49 verbose tar unpack /root/.npm/twobirds/0.0.3/package.tgz
50 silly lockFile f56d4bf3-root-npm-twobirds-0-0-3-package /root/.npm/twobirds/0.0.3/package
51 verbose lock /root/.npm/twobirds/0.0.3/package /root/.npm/f56d4bf3-root-npm-twobirds-0-0-3-package.lock
52 silly gunzTarPerm modes [ '777', '666' ]
53 silly gunzTarPerm extractEntry package.json
54 silly gunzTarPerm extractEntry .npmignore
55 silly gunzTarPerm extractEntry README.md
56 silly gunzTarPerm extractEntry index.js
57 silly gunzTarPerm extractEntry lib/twobirds.server.js
58 silly gunzTarPerm extractEntry gitpwd.txt
59 silly gunzTarPerm extractEntry publish.sh
60 verbose read json /root/.npm/twobirds/0.0.3/package/package.json
61 silly lockFile f56d4bf3-root-npm-twobirds-0-0-3-package /root/.npm/twobirds/0.0.3/package
62 silly shasum updated bytes 1080
63 info shasum acb1b84f508aa454bc846b98c9e28cfa551365ea
63 info shasum /root/.npm/twobirds/0.0.3/package.tgz
64 verbose from cache /root/.npm/twobirds/0.0.3/package/package.json
65 verbose chmod /root/.npm/twobirds/0.0.3/package.tgz 666
66 verbose chown /root/.npm/twobirds/0.0.3/package.tgz [ 0, 0 ]
67 silly lockFile 3a52ce78- .
68 silly publish { name: 'twobirds',
68 silly publish   version: '0.0.3',
68 silly publish   description: 'twoBirds requirements compiler',
68 silly publish   author:
68 silly publish    { name: 'Frank Thuerigen',
68 silly publish      email: 'frank.thuerigen@two-birds.de' },
68 silly publish   contributors:
68 silly publish    [ { name: 'Frank Thuerigen',
68 silly publish        email: 'frank.thuerigen@two-birds.de' } ],
68 silly publish   preferGlobal: 'false',
68 silly publish   keywords: [ 'twobirds', 'two-birds' ],
68 silly publish   repository:
68 silly publish    { type: 'git',
68 silly publish      url: 'https://github.com/FrankieTh/twobirds.git' },
68 silly publish   main: 'index.js',
68 silly publish   engines: { node: '*', express: '*' },
68 silly publish   readme: '\n twoBirds requirements compiler.\n This is a work in progress.\n',
68 silly publish   _id: 'twobirds@0.0.3',
68 silly publish   dist: { shasum: 'acb1b84f508aa454bc846b98c9e28cfa551365ea' } }
69 verbose url raw twobirds
70 verbose url resolving [ 'https://registry.npmjs.org/', './twobirds' ]
71 verbose url resolved https://registry.npmjs.org/twobirds
72 info retry registry request attempt 1 at 13:00:44
73 http PUT https://registry.npmjs.org/twobirds
74 http 409 https://registry.npmjs.org/twobirds
75 verbose url raw twobirds
76 verbose url resolving [ 'https://registry.npmjs.org/', './twobirds' ]
77 verbose url resolved https://registry.npmjs.org/twobirds
78 info retry registry request attempt 1 at 13:00:45
79 http GET https://registry.npmjs.org/twobirds
80 http 200 https://registry.npmjs.org/twobirds
81 error publish fail Cannot publish over existing version.
81 error publish fail Bump the 'version' field, set the --force flag, or
81 error publish fail     npm unpublish 'twobirds@0.0.3'
81 error publish fail and try again
82 error System Linux 3.0.0-17-server
83 error command "/usr/local/bin/node" "/usr/local/bin/npm" "publish"
84 error cwd /home/twobirds
85 error node -v v0.8.8
86 error npm -v 1.1.59
87 error code EPUBLISHCONFLICT
88 verbose exit [ 1, true ]
